<?xml version="1.0" encoding="UTF-8"?>
<!-- Generated by org.testng.reporters.JUnitXMLReporter -->
<testsuite ignored="0" hostname="deepanjalis-MacBook-Pro.local" failures="0" tests="2" name="Surefire test" time="0.031" errors="0" timestamp="20 Nov 2021 15:23:54 GMT">
  <testcase classname="org.FirstMavenProj.AppTest" name="add on add(org.FirstMavenProj.AppTest)" time="0.004"/>
  <testcase classname="org.FirstMavenProj.AppTest" name="method1 on method1(org.FirstMavenProj.AppTest)" time="0.004"/>
</testsuite> <!-- Surefire test -->
