<?xml version="1.0" encoding="UTF-8"?>
<testng-results ignored="0" total="2" passed="2" failed="0" skipped="0">
  <reporter-output>
  </reporter-output>
  <suite started-at="2021-11-18T09:33:59Z" name="Surefire suite" finished-at="2021-11-18T09:33:59Z" duration-ms="102">
    <groups>
    </groups>
    <test started-at="2021-11-18T09:33:59Z" name="Surefire test" finished-at="2021-11-18T09:33:59Z" duration-ms="102">
      <class name="org.FirstMavenProj.AppTest">
        <test-method signature="add()" started-at="2021-11-18T09:33:59Z" name="add" finished-at="2021-11-18T09:33:59Z" duration-ms="33" status="PASS">
          <reporter-output>
          </reporter-output>
        </test-method> <!-- add -->
        <test-method signature="method1()" started-at="2021-11-18T09:33:59Z" name="method1" finished-at="2021-11-18T09:33:59Z" duration-ms="6" status="PASS">
          <reporter-output>
          </reporter-output>
        </test-method> <!-- method1 -->
      </class> <!-- org.FirstMavenProj.AppTest -->
    </test> <!-- Surefire test -->
  </suite> <!-- Surefire suite -->
</testng-results>
