<?xml version="1.0" encoding="UTF-8"?>
<testsuite xmlns:xsi="http://www.w3.org/2001/XMLSchema-instance" xsi:noNamespaceSchemaLocation="https://maven.apache.org/surefire/maven-surefire-plugin/xsd/surefire-test-report.xsd" name="org.FirstMavenProj.AppTest" time="5.452" tests="2" errors="0" skipped="0" failures="0">
  <properties>
[...]
</properties>
  <testcase name="add on add(org.FirstMavenProj.AppTest)" classname="org.FirstMavenProj.AppTest" time="0.003"/>
  <testcase name="method1 on method1(org.FirstMavenProj.AppTest)" classname="org.FirstMavenProj.AppTest" time="0"/>
</testsuite>