-------------------------------------------------------------------------------
Test set: TestSuite
-------------------------------------------------------------------------------
Tests run: 4, Failures: 1, Errors: 0, Skipped: 0, Time elapsed: 13.292 s <<< FAILURE! - in TestSuite
allitem(pages.TestAllWindow)  Time elapsed: 2.577 s  <<< FAILURE!
java.lang.AssertionError: expected [$15.99] but found [$31.98]
	at pages.TestAllWindow.allitem(TestAllWindow.java:33)

