<?xml version="1.0" encoding="UTF-8"?>
<testsuite xmlns:xsi="http://www.w3.org/2001/XMLSchema-instance" xsi:noNamespaceSchemaLocation="https://maven.apache.org/surefire/maven-surefire-plugin/xsd/surefire-test-report.xsd" name="TestSuite" time="13.292" tests="4" errors="0" skipped="0" failures="1">
  <properties>
[...]
</properties>
  <testcase name="allitem" classname="pages.TestAllWindow" time="2.577">
    <failure message="expected [$15.99] but found [$31.98]" type="java.lang.AssertionError">java.lang.AssertionError: expected [$15.99] but found [$31.98]
	at pages.TestAllWindow.allitem(TestAllWindow.java:33)
</failure>
    <system-out><![CDATA[$15.99
]]></system-out>
    <system-err><![CDATA[Starting ChromeDriver 96.0.4664.45 (76e4c1bb2ab4671b8beba3444e61c0f17584b2fc-refs/branch-heads/4664@{#947}) on port 38875
Only local connections are allowed.
Please see https://chromedriver.chromium.org/security-considerations for suggestions on keeping ChromeDriver safe.
ChromeDriver was started successfully.
Nov 20, 2021 8:53:43 PM org.openqa.selenium.remote.ProtocolHandshake createSession
INFO: Detected dialect: W3C
]]></system-err>
  </testcase>
  <testcase name="twonumber" classname="AssertionTest" time="0"/>
  <testcase name="add on add(org.FirstMavenProj.AppTest)" classname="org.FirstMavenProj.AppTest" time="0"/>
  <testcase name="method1 on method1(org.FirstMavenProj.AppTest)" classname="org.FirstMavenProj.AppTest" time="0"/>
</testsuite>